time="2019-07-29T20:39:31-05:00" level=debug msg="OpenShift Installer unreleased-master-1462-g8b345df81bf1472a87125430d745db9efae2d1f3-dirty"
time="2019-07-29T20:39:31-05:00" level=debug msg="Built from commit 8b345df81bf1472a87125430d745db9efae2d1f3"
time="2019-07-29T20:39:31-05:00" level=debug msg="Fetching \"Kubeconfig Admin Client\"..."
time="2019-07-29T20:39:31-05:00" level=debug msg="Loading \"Kubeconfig Admin Client\"..."
time="2019-07-29T20:39:31-05:00" level=debug msg="  Loading \"Certificate (admin-kubeconfig-client)\"..."
time="2019-07-29T20:39:31-05:00" level=debug msg="    Loading \"Certificate (admin-kubeconfig-signer)\"..."
time="2019-07-29T20:39:31-05:00" level=debug msg="  Loading \"Certificate (kube-apiserver-complete-server-ca-bundle)\"..."
time="2019-07-29T20:39:31-05:00" level=debug msg="    Loading \"Certificate (kube-apiserver-localhost-ca-bundle)\"..."
time="2019-07-29T20:39:31-05:00" level=debug msg="      Loading \"Certificate (kube-apiserver-localhost-signer)\"..."
time="2019-07-29T20:39:31-05:00" level=debug msg="    Loading \"Certificate (kube-apiserver-service-network-ca-bundle)\"..."
time="2019-07-29T20:39:31-05:00" level=debug msg="      Loading \"Certificate (kube-apiserver-service-network-signer)\"..."
time="2019-07-29T20:39:31-05:00" level=debug msg="    Loading \"Certificate (kube-apiserver-lb-ca-bundle)\"..."
time="2019-07-29T20:39:31-05:00" level=debug msg="      Loading \"Certificate (kube-apiserver-lb-signer)\"..."
time="2019-07-29T20:39:31-05:00" level=debug msg="  Loading \"Install Config\"..."
time="2019-07-29T20:39:31-05:00" level=debug msg="    Loading \"SSH Key\"..."
time="2019-07-29T20:39:31-05:00" level=debug msg="    Loading \"Base Domain\"..."
time="2019-07-29T20:39:31-05:00" level=debug msg="      Loading \"Platform\"..."
time="2019-07-29T20:39:31-05:00" level=debug msg="    Loading \"Cluster Name\"..."
time="2019-07-29T20:39:31-05:00" level=debug msg="      Loading \"Base Domain\"..."
time="2019-07-29T20:39:31-05:00" level=debug msg="    Loading \"Pull Secret\"..."
time="2019-07-29T20:39:31-05:00" level=debug msg="    Loading \"Platform\"..."
time="2019-07-29T20:39:31-05:00" level=debug msg="  Using \"Install Config\" loaded from target directory"
time="2019-07-29T20:39:31-05:00" level=debug msg="  Fetching \"Certificate (admin-kubeconfig-client)\"..."
time="2019-07-29T20:39:31-05:00" level=debug msg="    Fetching \"Certificate (admin-kubeconfig-signer)\"..."
time="2019-07-29T20:39:31-05:00" level=debug msg="    Generating \"Certificate (admin-kubeconfig-signer)\"..."
time="2019-07-29T20:39:31-05:00" level=debug msg="  Generating \"Certificate (admin-kubeconfig-client)\"..."
time="2019-07-29T20:39:32-05:00" level=debug msg="  Fetching \"Certificate (kube-apiserver-complete-server-ca-bundle)\"..."
time="2019-07-29T20:39:32-05:00" level=debug msg="    Fetching \"Certificate (kube-apiserver-localhost-ca-bundle)\"..."
time="2019-07-29T20:39:32-05:00" level=debug msg="      Fetching \"Certificate (kube-apiserver-localhost-signer)\"..."
time="2019-07-29T20:39:32-05:00" level=debug msg="      Generating \"Certificate (kube-apiserver-localhost-signer)\"..."
time="2019-07-29T20:39:33-05:00" level=debug msg="    Generating \"Certificate (kube-apiserver-localhost-ca-bundle)\"..."
time="2019-07-29T20:39:33-05:00" level=debug msg="    Fetching \"Certificate (kube-apiserver-service-network-ca-bundle)\"..."
time="2019-07-29T20:39:33-05:00" level=debug msg="      Fetching \"Certificate (kube-apiserver-service-network-signer)\"..."
time="2019-07-29T20:39:33-05:00" level=debug msg="      Generating \"Certificate (kube-apiserver-service-network-signer)\"..."
time="2019-07-29T20:39:33-05:00" level=debug msg="    Generating \"Certificate (kube-apiserver-service-network-ca-bundle)\"..."
time="2019-07-29T20:39:33-05:00" level=debug msg="    Fetching \"Certificate (kube-apiserver-lb-ca-bundle)\"..."
time="2019-07-29T20:39:33-05:00" level=debug msg="      Fetching \"Certificate (kube-apiserver-lb-signer)\"..."
time="2019-07-29T20:39:33-05:00" level=debug msg="      Generating \"Certificate (kube-apiserver-lb-signer)\"..."
time="2019-07-29T20:39:33-05:00" level=debug msg="    Generating \"Certificate (kube-apiserver-lb-ca-bundle)\"..."
time="2019-07-29T20:39:33-05:00" level=debug msg="  Generating \"Certificate (kube-apiserver-complete-server-ca-bundle)\"..."
time="2019-07-29T20:39:33-05:00" level=debug msg="  Fetching \"Install Config\"..."
time="2019-07-29T20:39:33-05:00" level=debug msg="  Reusing previously-fetched \"Install Config\""
time="2019-07-29T20:39:33-05:00" level=debug msg="Generating \"Kubeconfig Admin Client\"..."
time="2019-07-29T20:39:33-05:00" level=info msg="Consuming \"Install Config\" from target directory"
time="2019-07-29T20:39:33-05:00" level=debug msg="Purging asset \"Install Config\" from disk"
time="2019-07-29T20:39:33-05:00" level=debug msg="Fetching \"Kubeadmin Password\"..."
time="2019-07-29T20:39:33-05:00" level=debug msg="Loading \"Kubeadmin Password\"..."
time="2019-07-29T20:39:33-05:00" level=debug msg="Generating \"Kubeadmin Password\"..."
time="2019-07-29T20:39:33-05:00" level=debug msg="Fetching \"Master Ignition Config\"..."
time="2019-07-29T20:39:33-05:00" level=debug msg="Loading \"Master Ignition Config\"..."
time="2019-07-29T20:39:33-05:00" level=debug msg="  Loading \"Install Config\"..."
time="2019-07-29T20:39:33-05:00" level=debug msg="  Loading \"Root CA\"..."
time="2019-07-29T20:39:33-05:00" level=debug msg="  Fetching \"Install Config\"..."
time="2019-07-29T20:39:33-05:00" level=debug msg="  Reusing previously-fetched \"Install Config\""
time="2019-07-29T20:39:33-05:00" level=debug msg="  Fetching \"Root CA\"..."
time="2019-07-29T20:39:33-05:00" level=debug msg="  Generating \"Root CA\"..."
time="2019-07-29T20:39:33-05:00" level=debug msg="Generating \"Master Ignition Config\"..."
time="2019-07-29T20:39:33-05:00" level=debug msg="Fetching \"Worker Ignition Config\"..."
time="2019-07-29T20:39:33-05:00" level=debug msg="Loading \"Worker Ignition Config\"..."
time="2019-07-29T20:39:33-05:00" level=debug msg="  Loading \"Install Config\"..."
time="2019-07-29T20:39:33-05:00" level=debug msg="  Loading \"Root CA\"..."
time="2019-07-29T20:39:33-05:00" level=debug msg="  Fetching \"Install Config\"..."
time="2019-07-29T20:39:33-05:00" level=debug msg="  Reusing previously-fetched \"Install Config\""
time="2019-07-29T20:39:33-05:00" level=debug msg="  Fetching \"Root CA\"..."
time="2019-07-29T20:39:33-05:00" level=debug msg="  Reusing previously-fetched \"Root CA\""
time="2019-07-29T20:39:33-05:00" level=debug msg="Generating \"Worker Ignition Config\"..."
time="2019-07-29T20:39:33-05:00" level=debug msg="Fetching \"Bootstrap Ignition Config\"..."
time="2019-07-29T20:39:33-05:00" level=debug msg="Loading \"Bootstrap Ignition Config\"..."
time="2019-07-29T20:39:33-05:00" level=debug msg="  Loading \"Install Config\"..."
time="2019-07-29T20:39:33-05:00" level=debug msg="  Loading \"Kubeconfig Admin Client\"..."
time="2019-07-29T20:39:33-05:00" level=debug msg="  Loading \"Kubeconfig Kubelet\"..."
time="2019-07-29T20:39:33-05:00" level=debug msg="    Loading \"Certificate (kube-apiserver-complete-server-ca-bundle)\"..."
time="2019-07-29T20:39:33-05:00" level=debug msg="    Loading \"Certificate (kubelet-client)\"..."
time="2019-07-29T20:39:33-05:00" level=debug msg="      Loading \"Certificate (kubelet-bootstrap-kubeconfig-signer)\"..."
time="2019-07-29T20:39:33-05:00" level=debug msg="    Loading \"Install Config\"..."
time="2019-07-29T20:39:33-05:00" level=debug msg="  Loading \"Kubeconfig Admin Client (Loopback)\"..."
time="2019-07-29T20:39:33-05:00" level=debug msg="    Loading \"Certificate (admin-kubeconfig-client)\"..."
time="2019-07-29T20:39:33-05:00" level=debug msg="    Loading \"Certificate (kube-apiserver-localhost-ca-bundle)\"..."
time="2019-07-29T20:39:33-05:00" level=debug msg="    Loading \"Install Config\"..."
time="2019-07-29T20:39:33-05:00" level=debug msg="  Loading \"Master Machines\"..."
time="2019-07-29T20:39:33-05:00" level=debug msg="    Loading \"Cluster ID\"..."
time="2019-07-29T20:39:33-05:00" level=debug msg="      Loading \"Install Config\"..."
time="2019-07-29T20:39:33-05:00" level=debug msg="    Loading \"Platform Credentials Check\"..."
time="2019-07-29T20:39:33-05:00" level=debug msg="      Loading \"Install Config\"..."
time="2019-07-29T20:39:33-05:00" level=debug msg="    Loading \"Install Config\"..."
time="2019-07-29T20:39:33-05:00" level=debug msg="    Loading \"Image\"..."
time="2019-07-29T20:39:33-05:00" level=debug msg="      Loading \"Install Config\"..."
time="2019-07-29T20:39:33-05:00" level=debug msg="    Loading \"Master Ignition Config\"..."
time="2019-07-29T20:39:33-05:00" level=debug msg="  Loading \"Worker Machines\"..."
time="2019-07-29T20:39:33-05:00" level=debug msg="    Loading \"Cluster ID\"..."
time="2019-07-29T20:39:33-05:00" level=debug msg="    Loading \"Platform Credentials Check\"..."
time="2019-07-29T20:39:33-05:00" level=debug msg="    Loading \"Install Config\"..."
time="2019-07-29T20:39:33-05:00" level=debug msg="    Loading \"Image\"..."
time="2019-07-29T20:39:33-05:00" level=debug msg="    Loading \"Worker Ignition Config\"..."
time="2019-07-29T20:39:33-05:00" level=debug msg="  Loading \"Common Manifests\"..."
time="2019-07-29T20:39:33-05:00" level=debug msg="    Loading \"Cluster ID\"..."
time="2019-07-29T20:39:33-05:00" level=debug msg="    Loading \"Install Config\"..."
time="2019-07-29T20:39:33-05:00" level=debug msg="    Loading \"Ingress Config\"..."
time="2019-07-29T20:39:33-05:00" level=debug msg="      Loading \"Install Config\"..."
time="2019-07-29T20:39:33-05:00" level=debug msg="    Loading \"DNS Config\"..."
time="2019-07-29T20:39:33-05:00" level=debug msg="      Loading \"Install Config\"..."
time="2019-07-29T20:39:33-05:00" level=debug msg="      Loading \"Cluster ID\"..."
time="2019-07-29T20:39:33-05:00" level=debug msg="      Loading \"Platform Credentials Check\"..."
time="2019-07-29T20:39:33-05:00" level=debug msg="    Loading \"Infrastructure Config\"..."
time="2019-07-29T20:39:33-05:00" level=debug msg="      Loading \"Cluster ID\"..."
time="2019-07-29T20:39:33-05:00" level=debug msg="      Loading \"Install Config\"..."
time="2019-07-29T20:39:33-05:00" level=debug msg="      Loading \"Cloud Provider Config\"..."
time="2019-07-29T20:39:33-05:00" level=debug msg="        Loading \"Install Config\"..."
time="2019-07-29T20:39:33-05:00" level=debug msg="        Loading \"Cluster ID\"..."
time="2019-07-29T20:39:33-05:00" level=debug msg="        Loading \"Platform Credentials Check\"..."
time="2019-07-29T20:39:33-05:00" level=debug msg="      Loading \"Additional Trust Bundle Config\"..."
time="2019-07-29T20:39:33-05:00" level=debug msg="        Loading \"Install Config\"..."
time="2019-07-29T20:39:33-05:00" level=debug msg="    Loading \"Network Config\"..."
time="2019-07-29T20:39:33-05:00" level=debug msg="      Loading \"Install Config\"..."
time="2019-07-29T20:39:33-05:00" level=debug msg="      Loading \"Network CRDs\"..."
time="2019-07-29T20:39:33-05:00" level=debug msg="    Loading \"Proxy Config\"..."
time="2019-07-29T20:39:33-05:00" level=debug msg="      Loading \"Install Config\"..."
time="2019-07-29T20:39:33-05:00" level=debug msg="      Loading \"Network Config\"..."
time="2019-07-29T20:39:33-05:00" level=debug msg="    Loading \"Scheduler Config\"..."
time="2019-07-29T20:39:33-05:00" level=debug msg="    Loading \"Image Content Source Policy\"..."
time="2019-07-29T20:39:33-05:00" level=debug msg="      Loading \"Install Config\"..."
time="2019-07-29T20:39:33-05:00" level=debug msg="    Loading \"Root CA\"..."
time="2019-07-29T20:39:33-05:00" level=debug msg="    Loading \"Certificate (etcd-signer)\"..."
time="2019-07-29T20:39:33-05:00" level=debug msg="    Loading \"Certificate (etcd-ca-bundle)\"..."
time="2019-07-29T20:39:33-05:00" level=debug msg="      Loading \"Certificate (etcd-signer)\"..."
time="2019-07-29T20:39:33-05:00" level=debug msg="    Loading \"Certificate (etcd-client)\"..."
time="2019-07-29T20:39:33-05:00" level=debug msg="      Loading \"Certificate (etcd-signer)\"..."
time="2019-07-29T20:39:33-05:00" level=debug msg="    Loading \"Certificate (etcd-metric-ca-bundle)\"..."
time="2019-07-29T20:39:33-05:00" level=debug msg="      Loading \"Certificate (etcd-metric-signer)\"..."
time="2019-07-29T20:39:33-05:00" level=debug msg="    Loading \"Certificate (etcd-metric-signer)\"..."
time="2019-07-29T20:39:33-05:00" level=debug msg="    Loading \"Certificate (etcd-metric-signer-client)\"..."
time="2019-07-29T20:39:33-05:00" level=debug msg="      Loading \"Certificate (etcd-metric-signer)\"..."
time="2019-07-29T20:39:33-05:00" level=debug msg="    Loading \"Certificate (mcs)\"..."
time="2019-07-29T20:39:33-05:00" level=debug msg="      Loading \"Root CA\"..."
time="2019-07-29T20:39:33-05:00" level=debug msg="      Loading \"Install Config\"..."
time="2019-07-29T20:39:33-05:00" level=debug msg="    Loading \"CVOOverrides\"..."
time="2019-07-29T20:39:33-05:00" level=debug msg="    Loading \"EtcdCAConfigMap\"..."
time="2019-07-29T20:39:33-05:00" level=debug msg="    Loading \"EtcdClientSecret\"..."
time="2019-07-29T20:39:33-05:00" level=debug msg="    Loading \"EtcdHostServiceEndpoints\"..."
time="2019-07-29T20:39:33-05:00" level=debug msg="    Loading \"EtcdHostService\"..."
time="2019-07-29T20:39:33-05:00" level=debug msg="    Loading \"EtcdMetricClientSecret\"..."
time="2019-07-29T20:39:33-05:00" level=debug msg="    Loading \"EtcdMetricServingCAConfigMap\"..."
time="2019-07-29T20:39:33-05:00" level=debug msg="    Loading \"EtcdMetricSignerSecret\"..."
time="2019-07-29T20:39:33-05:00" level=debug msg="    Loading \"EtcdNamespace\"..."
time="2019-07-29T20:39:33-05:00" level=debug msg="    Loading \"EtcdService\"..."
time="2019-07-29T20:39:33-05:00" level=debug msg="    Loading \"EtcdSignerSecret\"..."
time="2019-07-29T20:39:33-05:00" level=debug msg="    Loading \"KubeCloudConfig\"..."
time="2019-07-29T20:39:33-05:00" level=debug msg="    Loading \"EtcdServingCAConfigMap\"..."
time="2019-07-29T20:39:33-05:00" level=debug msg="    Loading \"KubeSystemConfigmapRootCA\"..."
time="2019-07-29T20:39:33-05:00" level=debug msg="    Loading \"MachineConfigServerTLSSecret\"..."
time="2019-07-29T20:39:33-05:00" level=debug msg="    Loading \"OpenshiftConfigSecretPullSecret\"..."
time="2019-07-29T20:39:33-05:00" level=debug msg="    Loading \"OpenshiftMachineConfigOperator\"..."
time="2019-07-29T20:39:33-05:00" level=debug msg="  Loading \"Openshift Manifests\"..."
time="2019-07-29T20:39:33-05:00" level=debug msg="    Loading \"Install Config\"..."
time="2019-07-29T20:39:33-05:00" level=debug msg="    Loading \"Cluster ID\"..."
time="2019-07-29T20:39:33-05:00" level=debug msg="    Loading \"Kubeadmin Password\"..."
time="2019-07-29T20:39:33-05:00" level=debug msg="    Loading \"CloudCredsSecret\"..."
time="2019-07-29T20:39:33-05:00" level=debug msg="    Loading \"KubeadminPasswordSecret\"..."
time="2019-07-29T20:39:33-05:00" level=debug msg="    Loading \"RoleCloudCredsSecretReader\"..."
time="2019-07-29T20:39:33-05:00" level=debug msg="    Loading \"RolebindingCloudCredsSecretReader\"..."
time="2019-07-29T20:39:33-05:00" level=debug msg="  Loading \"Proxy Config\"..."
time="2019-07-29T20:39:33-05:00" level=debug msg="  Loading \"Certificate (admin-kubeconfig-ca-bundle)\"..."
time="2019-07-29T20:39:33-05:00" level=debug msg="    Loading \"Certificate (admin-kubeconfig-signer)\"..."
time="2019-07-29T20:39:33-05:00" level=debug msg="  Loading \"Certificate (aggregator)\"..."
time="2019-07-29T20:39:33-05:00" level=debug msg="  Loading \"Certificate (aggregator-ca-bundle)\"..."
time="2019-07-29T20:39:33-05:00" level=debug msg="    Loading \"Certificate (aggregator-signer)\"..."
time="2019-07-29T20:39:33-05:00" level=debug msg="  Loading \"Certificate (system:kube-apiserver-proxy)\"..."
time="2019-07-29T20:39:33-05:00" level=debug msg="    Loading \"Certificate (aggregator-signer)\"..."
time="2019-07-29T20:39:33-05:00" level=debug msg="  Loading \"Certificate (aggregator-signer)\"..."
time="2019-07-29T20:39:33-05:00" level=debug msg="  Loading \"Certificate (system:kube-apiserver-proxy)\"..."
time="2019-07-29T20:39:33-05:00" level=debug msg="    Loading \"Certificate (aggregator)\"..."
time="2019-07-29T20:39:33-05:00" level=debug msg="  Loading \"Certificate (etcd-ca-bundle)\"..."
time="2019-07-29T20:39:33-05:00" level=debug msg="  Loading \"Certificate (etcd-metric-ca-bundle)\"..."
time="2019-07-29T20:39:33-05:00" level=debug msg="  Loading \"Certificate (etcd-metric-signer)\"..."
time="2019-07-29T20:39:33-05:00" level=debug msg="  Loading \"Certificate (etcd-metric-signer-client)\"..."
time="2019-07-29T20:39:33-05:00" level=debug msg="  Loading \"Certificate (etcd-signer)\"..."
time="2019-07-29T20:39:33-05:00" level=debug msg="  Loading \"Certificate (etcd-client)\"..."
time="2019-07-29T20:39:33-05:00" level=debug msg="  Loading \"Certificate (journal-gatewayd)\"..."
time="2019-07-29T20:39:33-05:00" level=debug msg="    Loading \"Root CA\"..."
time="2019-07-29T20:39:33-05:00" level=debug msg="  Loading \"Certificate (kube-apiserver-lb-ca-bundle)\"..."
time="2019-07-29T20:39:33-05:00" level=debug msg="  Loading \"Certificate (kube-apiserver-external-lb-server)\"..."
time="2019-07-29T20:39:33-05:00" level=debug msg="    Loading \"Certificate (kube-apiserver-lb-signer)\"..."
time="2019-07-29T20:39:33-05:00" level=debug msg="    Loading \"Install Config\"..."
time="2019-07-29T20:39:33-05:00" level=debug msg="  Loading \"Certificate (kube-apiserver-internal-lb-server)\"..."
time="2019-07-29T20:39:33-05:00" level=debug msg="    Loading \"Certificate (kube-apiserver-lb-signer)\"..."
time="2019-07-29T20:39:33-05:00" level=debug msg="    Loading \"Install Config\"..."
time="2019-07-29T20:39:33-05:00" level=debug msg="  Loading \"Certificate (kube-apiserver-lb-signer)\"..."
time="2019-07-29T20:39:33-05:00" level=debug msg="  Loading \"Certificate (kube-apiserver-localhost-ca-bundle)\"..."
time="2019-07-29T20:39:33-05:00" level=debug msg="  Loading \"Certificate (kube-apiserver-localhost-server)\"..."
time="2019-07-29T20:39:33-05:00" level=debug msg="    Loading \"Certificate (kube-apiserver-localhost-signer)\"..."
time="2019-07-29T20:39:33-05:00" level=debug msg="  Loading \"Certificate (kube-apiserver-localhost-signer)\"..."
time="2019-07-29T20:39:33-05:00" level=debug msg="  Loading \"Certificate (kube-apiserver-service-network-ca-bundle)\"..."
time="2019-07-29T20:39:33-05:00" level=debug msg="  Loading \"Certificate (kube-apiserver-service-network-server)\"..."
time="2019-07-29T20:39:33-05:00" level=debug msg="    Loading \"Certificate (kube-apiserver-service-network-signer)\"..."
time="2019-07-29T20:39:33-05:00" level=debug msg="    Loading \"Install Config\"..."
time="2019-07-29T20:39:33-05:00" level=debug msg="  Loading \"Certificate (kube-apiserver-service-network-signer)\"..."
time="2019-07-29T20:39:33-05:00" level=debug msg="  Loading \"Certificate (kube-apiserver-complete-server-ca-bundle)\"..."
time="2019-07-29T20:39:33-05:00" level=debug msg="  Loading \"Certificate (kube-apiserver-complete-client-ca-bundle)\"..."
time="2019-07-29T20:39:33-05:00" level=debug msg="    Loading \"Certificate (admin-kubeconfig-ca-bundle)\"..."
time="2019-07-29T20:39:33-05:00" level=debug msg="    Loading \"Certificate (kubelet-client-ca-bundle)\"..."
time="2019-07-29T20:39:33-05:00" level=debug msg="      Loading \"Certificate (kubelet-signer)\"..."
time="2019-07-29T20:39:33-05:00" level=debug msg="    Loading \"Certificate (kube-control-plane-ca-bundle)\"..."
time="2019-07-29T20:39:33-05:00" level=debug msg="      Loading \"Certificate (kube-control-plane-signer)\"..."
time="2019-07-29T20:39:33-05:00" level=debug msg="      Loading \"Certificate (kube-apiserver-lb-signer)\"..."
time="2019-07-29T20:39:33-05:00" level=debug msg="      Loading \"Certificate (kube-apiserver-localhost-signer)\"..."
time="2019-07-29T20:39:33-05:00" level=debug msg="      Loading \"Certificate (kube-apiserver-service-network-signer)\"..."
time="2019-07-29T20:39:33-05:00" level=debug msg="    Loading \"Certificate (kube-apiserver-to-kubelet-ca-bundle)\"..."
time="2019-07-29T20:39:33-05:00" level=debug msg="      Loading \"Certificate (kube-apiserver-to-kubelet-signer)\"..."
time="2019-07-29T20:39:33-05:00" level=debug msg="    Loading \"Certificate (kubelet-bootstrap-kubeconfig-ca-bundle)\"..."
time="2019-07-29T20:39:33-05:00" level=debug msg="      Loading \"Certificate (kubelet-bootstrap-kubeconfig-signer)\"..."
time="2019-07-29T20:39:33-05:00" level=debug msg="  Loading \"Certificate (kube-apiserver-to-kubelet-ca-bundle)\"..."
time="2019-07-29T20:39:33-05:00" level=debug msg="  Loading \"Certificate (kube-apiserver-to-kubelet-client)\"..."
time="2019-07-29T20:39:33-05:00" level=debug msg="    Loading \"Certificate (kube-apiserver-to-kubelet-signer)\"..."
time="2019-07-29T20:39:33-05:00" level=debug msg="  Loading \"Certificate (kube-apiserver-to-kubelet-signer)\"..."
time="2019-07-29T20:39:33-05:00" level=debug msg="  Loading \"Certificate (kube-control-plane-ca-bundle)\"..."
time="2019-07-29T20:39:33-05:00" level=debug msg="  Loading \"Certificate (kube-control-plane-kube-controller-manager-client)\"..."
time="2019-07-29T20:39:33-05:00" level=debug msg="    Loading \"Certificate (kube-control-plane-signer)\"..."
time="2019-07-29T20:39:33-05:00" level=debug msg="  Loading \"Certificate (kube-control-plane-kube-scheduler-client)\"..."
time="2019-07-29T20:39:33-05:00" level=debug msg="    Loading \"Certificate (kube-control-plane-signer)\"..."
time="2019-07-29T20:39:33-05:00" level=debug msg="  Loading \"Certificate (kube-control-plane-signer)\"..."
time="2019-07-29T20:39:33-05:00" level=debug msg="  Loading \"Certificate (kubelet-bootstrap-kubeconfig-ca-bundle)\"..."
time="2019-07-29T20:39:33-05:00" level=debug msg="  Loading \"Certificate (kubelet-client-ca-bundle)\"..."
time="2019-07-29T20:39:33-05:00" level=debug msg="  Loading \"Certificate (kubelet-client)\"..."
time="2019-07-29T20:39:33-05:00" level=debug msg="  Loading \"Certificate (kubelet-signer)\"..."
time="2019-07-29T20:39:33-05:00" level=debug msg="  Loading \"Certificate (kubelet-serving-ca-bundle)\"..."
time="2019-07-29T20:39:33-05:00" level=debug msg="    Loading \"Certificate (kubelet-signer)\"..."
time="2019-07-29T20:39:33-05:00" level=debug msg="  Loading \"Certificate (mcs)\"..."
time="2019-07-29T20:39:33-05:00" level=debug msg="  Loading \"Root CA\"..."
time="2019-07-29T20:39:33-05:00" level=debug msg="  Loading \"Key Pair (service-account.pub)\"..."
time="2019-07-29T20:39:33-05:00" level=debug msg="  Loading \"Release Image Pull Spec\"..."
time="2019-07-29T20:39:33-05:00" level=debug msg="  Fetching \"Install Config\"..."
time="2019-07-29T20:39:33-05:00" level=debug msg="  Reusing previously-fetched \"Install Config\""
time="2019-07-29T20:39:33-05:00" level=debug msg="  Fetching \"Kubeconfig Admin Client\"..."
time="2019-07-29T20:39:33-05:00" level=debug msg="  Reusing previously-fetched \"Kubeconfig Admin Client\""
time="2019-07-29T20:39:33-05:00" level=debug msg="  Fetching \"Kubeconfig Kubelet\"..."
time="2019-07-29T20:39:33-05:00" level=debug msg="    Fetching \"Certificate (kube-apiserver-complete-server-ca-bundle)\"..."
time="2019-07-29T20:39:33-05:00" level=debug msg="    Reusing previously-fetched \"Certificate (kube-apiserver-complete-server-ca-bundle)\""
time="2019-07-29T20:39:33-05:00" level=debug msg="    Fetching \"Certificate (kubelet-client)\"..."
time="2019-07-29T20:39:33-05:00" level=debug msg="      Fetching \"Certificate (kubelet-bootstrap-kubeconfig-signer)\"..."
time="2019-07-29T20:39:33-05:00" level=debug msg="      Generating \"Certificate (kubelet-bootstrap-kubeconfig-signer)\"..."
time="2019-07-29T20:39:33-05:00" level=debug msg="    Generating \"Certificate (kubelet-client)\"..."
time="2019-07-29T20:39:34-05:00" level=debug msg="    Fetching \"Install Config\"..."
time="2019-07-29T20:39:34-05:00" level=debug msg="    Reusing previously-fetched \"Install Config\""
time="2019-07-29T20:39:34-05:00" level=debug msg="  Generating \"Kubeconfig Kubelet\"..."
time="2019-07-29T20:39:34-05:00" level=debug msg="  Fetching \"Kubeconfig Admin Client (Loopback)\"..."
time="2019-07-29T20:39:34-05:00" level=debug msg="    Fetching \"Certificate (admin-kubeconfig-client)\"..."
time="2019-07-29T20:39:34-05:00" level=debug msg="    Reusing previously-fetched \"Certificate (admin-kubeconfig-client)\""
time="2019-07-29T20:39:34-05:00" level=debug msg="    Fetching \"Certificate (kube-apiserver-localhost-ca-bundle)\"..."
time="2019-07-29T20:39:34-05:00" level=debug msg="    Reusing previously-fetched \"Certificate (kube-apiserver-localhost-ca-bundle)\""
time="2019-07-29T20:39:34-05:00" level=debug msg="    Fetching \"Install Config\"..."
time="2019-07-29T20:39:34-05:00" level=debug msg="    Reusing previously-fetched \"Install Config\""
time="2019-07-29T20:39:34-05:00" level=debug msg="  Generating \"Kubeconfig Admin Client (Loopback)\"..."
time="2019-07-29T20:39:34-05:00" level=debug msg="  Fetching \"Master Machines\"..."
time="2019-07-29T20:39:34-05:00" level=debug msg="    Fetching \"Cluster ID\"..."
time="2019-07-29T20:39:34-05:00" level=debug msg="      Fetching \"Install Config\"..."
time="2019-07-29T20:39:34-05:00" level=debug msg="      Reusing previously-fetched \"Install Config\""
time="2019-07-29T20:39:34-05:00" level=debug msg="    Generating \"Cluster ID\"..."
time="2019-07-29T20:39:34-05:00" level=debug msg="    Fetching \"Platform Credentials Check\"..."
time="2019-07-29T20:39:34-05:00" level=debug msg="      Fetching \"Install Config\"..."
time="2019-07-29T20:39:34-05:00" level=debug msg="      Reusing previously-fetched \"Install Config\""
time="2019-07-29T20:39:34-05:00" level=debug msg="    Generating \"Platform Credentials Check\"..."
time="2019-07-29T20:39:34-05:00" level=debug msg="    Fetching \"Install Config\"..."
time="2019-07-29T20:39:34-05:00" level=debug msg="    Reusing previously-fetched \"Install Config\""
time="2019-07-29T20:39:34-05:00" level=debug msg="    Fetching \"Image\"..."
time="2019-07-29T20:39:34-05:00" level=debug msg="      Fetching \"Install Config\"..."
time="2019-07-29T20:39:34-05:00" level=debug msg="      Reusing previously-fetched \"Install Config\""
time="2019-07-29T20:39:34-05:00" level=debug msg="    Generating \"Image\"..."
time="2019-07-29T20:39:34-05:00" level=debug msg="    Fetching \"Master Ignition Config\"..."
time="2019-07-29T20:39:34-05:00" level=debug msg="    Reusing previously-fetched \"Master Ignition Config\""
time="2019-07-29T20:39:34-05:00" level=debug msg="  Generating \"Master Machines\"..."
time="2019-07-29T20:39:34-05:00" level=debug msg="  Fetching \"Worker Machines\"..."
time="2019-07-29T20:39:34-05:00" level=debug msg="    Fetching \"Cluster ID\"..."
time="2019-07-29T20:39:34-05:00" level=debug msg="    Reusing previously-fetched \"Cluster ID\""
time="2019-07-29T20:39:34-05:00" level=debug msg="    Fetching \"Platform Credentials Check\"..."
time="2019-07-29T20:39:34-05:00" level=debug msg="    Reusing previously-fetched \"Platform Credentials Check\""
time="2019-07-29T20:39:34-05:00" level=debug msg="    Fetching \"Install Config\"..."
time="2019-07-29T20:39:34-05:00" level=debug msg="    Reusing previously-fetched \"Install Config\""
time="2019-07-29T20:39:34-05:00" level=debug msg="    Fetching \"Image\"..."
time="2019-07-29T20:39:34-05:00" level=debug msg="    Reusing previously-fetched \"Image\""
time="2019-07-29T20:39:34-05:00" level=debug msg="    Fetching \"Worker Ignition Config\"..."
time="2019-07-29T20:39:34-05:00" level=debug msg="    Reusing previously-fetched \"Worker Ignition Config\""
time="2019-07-29T20:39:34-05:00" level=debug msg="  Generating \"Worker Machines\"..."
time="2019-07-29T20:39:34-05:00" level=debug msg="  Fetching \"Common Manifests\"..."
time="2019-07-29T20:39:34-05:00" level=debug msg="    Fetching \"Cluster ID\"..."
time="2019-07-29T20:39:34-05:00" level=debug msg="    Reusing previously-fetched \"Cluster ID\""
time="2019-07-29T20:39:34-05:00" level=debug msg="    Fetching \"Install Config\"..."
time="2019-07-29T20:39:34-05:00" level=debug msg="    Reusing previously-fetched \"Install Config\""
time="2019-07-29T20:39:34-05:00" level=debug msg="    Fetching \"Ingress Config\"..."
time="2019-07-29T20:39:34-05:00" level=debug msg="      Fetching \"Install Config\"..."
time="2019-07-29T20:39:34-05:00" level=debug msg="      Reusing previously-fetched \"Install Config\""
time="2019-07-29T20:39:34-05:00" level=debug msg="    Generating \"Ingress Config\"..."
time="2019-07-29T20:39:34-05:00" level=debug msg="    Fetching \"DNS Config\"..."
time="2019-07-29T20:39:34-05:00" level=debug msg="      Fetching \"Install Config\"..."
time="2019-07-29T20:39:34-05:00" level=debug msg="      Reusing previously-fetched \"Install Config\""
time="2019-07-29T20:39:34-05:00" level=debug msg="      Fetching \"Cluster ID\"..."
time="2019-07-29T20:39:34-05:00" level=debug msg="      Reusing previously-fetched \"Cluster ID\""
time="2019-07-29T20:39:34-05:00" level=debug msg="      Fetching \"Platform Credentials Check\"..."
time="2019-07-29T20:39:34-05:00" level=debug msg="      Reusing previously-fetched \"Platform Credentials Check\""
time="2019-07-29T20:39:34-05:00" level=debug msg="    Generating \"DNS Config\"..."
time="2019-07-29T20:39:34-05:00" level=debug msg="    Fetching \"Infrastructure Config\"..."
time="2019-07-29T20:39:34-05:00" level=debug msg="      Fetching \"Cluster ID\"..."
time="2019-07-29T20:39:34-05:00" level=debug msg="      Reusing previously-fetched \"Cluster ID\""
time="2019-07-29T20:39:34-05:00" level=debug msg="      Fetching \"Install Config\"..."
time="2019-07-29T20:39:34-05:00" level=debug msg="      Reusing previously-fetched \"Install Config\""
time="2019-07-29T20:39:34-05:00" level=debug msg="      Fetching \"Cloud Provider Config\"..."
time="2019-07-29T20:39:34-05:00" level=debug msg="        Fetching \"Install Config\"..."
time="2019-07-29T20:39:34-05:00" level=debug msg="        Reusing previously-fetched \"Install Config\""
time="2019-07-29T20:39:34-05:00" level=debug msg="        Fetching \"Cluster ID\"..."
time="2019-07-29T20:39:34-05:00" level=debug msg="        Reusing previously-fetched \"Cluster ID\""
time="2019-07-29T20:39:34-05:00" level=debug msg="        Fetching \"Platform Credentials Check\"..."
time="2019-07-29T20:39:34-05:00" level=debug msg="        Reusing previously-fetched \"Platform Credentials Check\""
time="2019-07-29T20:39:34-05:00" level=debug msg="      Generating \"Cloud Provider Config\"..."
time="2019-07-29T20:39:34-05:00" level=debug msg="      Fetching \"Additional Trust Bundle Config\"..."
time="2019-07-29T20:39:34-05:00" level=debug msg="        Fetching \"Install Config\"..."
time="2019-07-29T20:39:34-05:00" level=debug msg="        Reusing previously-fetched \"Install Config\""
time="2019-07-29T20:39:34-05:00" level=debug msg="      Generating \"Additional Trust Bundle Config\"..."
time="2019-07-29T20:39:34-05:00" level=debug msg="    Generating \"Infrastructure Config\"..."
time="2019-07-29T20:39:34-05:00" level=debug msg="    Fetching \"Network Config\"..."
time="2019-07-29T20:39:34-05:00" level=debug msg="      Fetching \"Install Config\"..."
time="2019-07-29T20:39:34-05:00" level=debug msg="      Reusing previously-fetched \"Install Config\""
time="2019-07-29T20:39:34-05:00" level=debug msg="      Fetching \"Network CRDs\"..."
time="2019-07-29T20:39:34-05:00" level=debug msg="      Generating \"Network CRDs\"..."
time="2019-07-29T20:39:34-05:00" level=debug msg="    Generating \"Network Config\"..."
time="2019-07-29T20:39:34-05:00" level=debug msg="    Fetching \"Proxy Config\"..."
time="2019-07-29T20:39:34-05:00" level=debug msg="      Fetching \"Install Config\"..."
time="2019-07-29T20:39:34-05:00" level=debug msg="      Reusing previously-fetched \"Install Config\""
time="2019-07-29T20:39:34-05:00" level=debug msg="      Fetching \"Network Config\"..."
time="2019-07-29T20:39:34-05:00" level=debug msg="      Reusing previously-fetched \"Network Config\""
time="2019-07-29T20:39:34-05:00" level=debug msg="    Generating \"Proxy Config\"..."
time="2019-07-29T20:39:34-05:00" level=debug msg="    Fetching \"Scheduler Config\"..."
time="2019-07-29T20:39:34-05:00" level=debug msg="    Generating \"Scheduler Config\"..."
time="2019-07-29T20:39:34-05:00" level=debug msg="    Fetching \"Image Content Source Policy\"..."
time="2019-07-29T20:39:34-05:00" level=debug msg="      Fetching \"Install Config\"..."
time="2019-07-29T20:39:34-05:00" level=debug msg="      Reusing previously-fetched \"Install Config\""
time="2019-07-29T20:39:34-05:00" level=debug msg="    Generating \"Image Content Source Policy\"..."
time="2019-07-29T20:39:34-05:00" level=debug msg="    Fetching \"Root CA\"..."
time="2019-07-29T20:39:34-05:00" level=debug msg="    Reusing previously-fetched \"Root CA\""
time="2019-07-29T20:39:34-05:00" level=debug msg="    Fetching \"Certificate (etcd-signer)\"..."
time="2019-07-29T20:39:34-05:00" level=debug msg="    Generating \"Certificate (etcd-signer)\"..."
time="2019-07-29T20:39:34-05:00" level=debug msg="    Fetching \"Certificate (etcd-ca-bundle)\"..."
time="2019-07-29T20:39:34-05:00" level=debug msg="      Fetching \"Certificate (etcd-signer)\"..."
time="2019-07-29T20:39:34-05:00" level=debug msg="      Reusing previously-fetched \"Certificate (etcd-signer)\""
time="2019-07-29T20:39:34-05:00" level=debug msg="    Generating \"Certificate (etcd-ca-bundle)\"..."
time="2019-07-29T20:39:34-05:00" level=debug msg="    Fetching \"Certificate (etcd-client)\"..."
time="2019-07-29T20:39:34-05:00" level=debug msg="      Fetching \"Certificate (etcd-signer)\"..."
time="2019-07-29T20:39:34-05:00" level=debug msg="      Reusing previously-fetched \"Certificate (etcd-signer)\""
time="2019-07-29T20:39:34-05:00" level=debug msg="    Generating \"Certificate (etcd-client)\"..."
time="2019-07-29T20:39:35-05:00" level=debug msg="    Fetching \"Certificate (etcd-metric-ca-bundle)\"..."
time="2019-07-29T20:39:35-05:00" level=debug msg="      Fetching \"Certificate (etcd-metric-signer)\"..."
time="2019-07-29T20:39:35-05:00" level=debug msg="      Generating \"Certificate (etcd-metric-signer)\"..."
time="2019-07-29T20:39:35-05:00" level=debug msg="    Generating \"Certificate (etcd-metric-ca-bundle)\"..."
time="2019-07-29T20:39:35-05:00" level=debug msg="    Fetching \"Certificate (etcd-metric-signer)\"..."
time="2019-07-29T20:39:35-05:00" level=debug msg="    Reusing previously-fetched \"Certificate (etcd-metric-signer)\""
time="2019-07-29T20:39:35-05:00" level=debug msg="    Fetching \"Certificate (etcd-metric-signer-client)\"..."
time="2019-07-29T20:39:35-05:00" level=debug msg="      Fetching \"Certificate (etcd-metric-signer)\"..."
time="2019-07-29T20:39:35-05:00" level=debug msg="      Reusing previously-fetched \"Certificate (etcd-metric-signer)\""
time="2019-07-29T20:39:35-05:00" level=debug msg="    Generating \"Certificate (etcd-metric-signer-client)\"..."
time="2019-07-29T20:39:35-05:00" level=debug msg="    Fetching \"Certificate (mcs)\"..."
time="2019-07-29T20:39:35-05:00" level=debug msg="      Fetching \"Root CA\"..."
time="2019-07-29T20:39:35-05:00" level=debug msg="      Reusing previously-fetched \"Root CA\""
time="2019-07-29T20:39:35-05:00" level=debug msg="      Fetching \"Install Config\"..."
time="2019-07-29T20:39:35-05:00" level=debug msg="      Reusing previously-fetched \"Install Config\""
time="2019-07-29T20:39:35-05:00" level=debug msg="    Generating \"Certificate (mcs)\"..."
time="2019-07-29T20:39:36-05:00" level=debug msg="    Fetching \"CVOOverrides\"..."
time="2019-07-29T20:39:36-05:00" level=debug msg="    Generating \"CVOOverrides\"..."
time="2019-07-29T20:39:36-05:00" level=debug msg="    Fetching \"EtcdCAConfigMap\"..."
time="2019-07-29T20:39:36-05:00" level=debug msg="    Generating \"EtcdCAConfigMap\"..."
time="2019-07-29T20:39:36-05:00" level=debug msg="    Fetching \"EtcdClientSecret\"..."
time="2019-07-29T20:39:36-05:00" level=debug msg="    Generating \"EtcdClientSecret\"..."
time="2019-07-29T20:39:36-05:00" level=debug msg="    Fetching \"EtcdHostServiceEndpoints\"..."
time="2019-07-29T20:39:36-05:00" level=debug msg="    Generating \"EtcdHostServiceEndpoints\"..."
time="2019-07-29T20:39:36-05:00" level=debug msg="    Fetching \"EtcdHostService\"..."
time="2019-07-29T20:39:36-05:00" level=debug msg="    Generating \"EtcdHostService\"..."
time="2019-07-29T20:39:36-05:00" level=debug msg="    Fetching \"EtcdMetricClientSecret\"..."
time="2019-07-29T20:39:36-05:00" level=debug msg="    Generating \"EtcdMetricClientSecret\"..."
time="2019-07-29T20:39:36-05:00" level=debug msg="    Fetching \"EtcdMetricServingCAConfigMap\"..."
time="2019-07-29T20:39:36-05:00" level=debug msg="    Generating \"EtcdMetricServingCAConfigMap\"..."
time="2019-07-29T20:39:36-05:00" level=debug msg="    Fetching \"EtcdMetricSignerSecret\"..."
time="2019-07-29T20:39:36-05:00" level=debug msg="    Generating \"EtcdMetricSignerSecret\"..."
time="2019-07-29T20:39:36-05:00" level=debug msg="    Fetching \"EtcdNamespace\"..."
time="2019-07-29T20:39:36-05:00" level=debug msg="    Generating \"EtcdNamespace\"..."
time="2019-07-29T20:39:36-05:00" level=debug msg="    Fetching \"EtcdService\"..."
time="2019-07-29T20:39:36-05:00" level=debug msg="    Generating \"EtcdService\"..."
time="2019-07-29T20:39:36-05:00" level=debug msg="    Fetching \"EtcdSignerSecret\"..."
time="2019-07-29T20:39:36-05:00" level=debug msg="    Generating \"EtcdSignerSecret\"..."
time="2019-07-29T20:39:36-05:00" level=debug msg="    Fetching \"KubeCloudConfig\"..."
time="2019-07-29T20:39:36-05:00" level=debug msg="    Generating \"KubeCloudConfig\"..."
time="2019-07-29T20:39:36-05:00" level=debug msg="    Fetching \"EtcdServingCAConfigMap\"..."
time="2019-07-29T20:39:36-05:00" level=debug msg="    Generating \"EtcdServingCAConfigMap\"..."
time="2019-07-29T20:39:36-05:00" level=debug msg="    Fetching \"KubeSystemConfigmapRootCA\"..."
time="2019-07-29T20:39:36-05:00" level=debug msg="    Generating \"KubeSystemConfigmapRootCA\"..."
time="2019-07-29T20:39:36-05:00" level=debug msg="    Fetching \"MachineConfigServerTLSSecret\"..."
time="2019-07-29T20:39:36-05:00" level=debug msg="    Generating \"MachineConfigServerTLSSecret\"..."
time="2019-07-29T20:39:36-05:00" level=debug msg="    Fetching \"OpenshiftConfigSecretPullSecret\"..."
time="2019-07-29T20:39:36-05:00" level=debug msg="    Generating \"OpenshiftConfigSecretPullSecret\"..."
time="2019-07-29T20:39:36-05:00" level=debug msg="    Fetching \"OpenshiftMachineConfigOperator\"..."
time="2019-07-29T20:39:36-05:00" level=debug msg="    Generating \"OpenshiftMachineConfigOperator\"..."
time="2019-07-29T20:39:36-05:00" level=debug msg="  Generating \"Common Manifests\"..."
time="2019-07-29T20:39:36-05:00" level=debug msg="  Fetching \"Openshift Manifests\"..."
time="2019-07-29T20:39:36-05:00" level=debug msg="    Fetching \"Install Config\"..."
time="2019-07-29T20:39:36-05:00" level=debug msg="    Reusing previously-fetched \"Install Config\""
time="2019-07-29T20:39:36-05:00" level=debug msg="    Fetching \"Cluster ID\"..."
time="2019-07-29T20:39:36-05:00" level=debug msg="    Reusing previously-fetched \"Cluster ID\""
time="2019-07-29T20:39:36-05:00" level=debug msg="    Fetching \"Kubeadmin Password\"..."
time="2019-07-29T20:39:36-05:00" level=debug msg="    Reusing previously-fetched \"Kubeadmin Password\""
time="2019-07-29T20:39:36-05:00" level=debug msg="    Fetching \"CloudCredsSecret\"..."
time="2019-07-29T20:39:36-05:00" level=debug msg="    Generating \"CloudCredsSecret\"..."
time="2019-07-29T20:39:36-05:00" level=debug msg="    Fetching \"KubeadminPasswordSecret\"..."
time="2019-07-29T20:39:36-05:00" level=debug msg="    Generating \"KubeadminPasswordSecret\"..."
time="2019-07-29T20:39:36-05:00" level=debug msg="    Fetching \"RoleCloudCredsSecretReader\"..."
time="2019-07-29T20:39:36-05:00" level=debug msg="    Generating \"RoleCloudCredsSecretReader\"..."
time="2019-07-29T20:39:36-05:00" level=debug msg="    Fetching \"RolebindingCloudCredsSecretReader\"..."
time="2019-07-29T20:39:36-05:00" level=debug msg="    Generating \"RolebindingCloudCredsSecretReader\"..."
time="2019-07-29T20:39:36-05:00" level=debug msg="  Generating \"Openshift Manifests\"..."
time="2019-07-29T20:39:36-05:00" level=debug msg="  Fetching \"Proxy Config\"..."
time="2019-07-29T20:39:36-05:00" level=debug msg="  Reusing previously-fetched \"Proxy Config\""
time="2019-07-29T20:39:36-05:00" level=debug msg="  Fetching \"Certificate (admin-kubeconfig-ca-bundle)\"..."
time="2019-07-29T20:39:36-05:00" level=debug msg="    Fetching \"Certificate (admin-kubeconfig-signer)\"..."
time="2019-07-29T20:39:36-05:00" level=debug msg="    Reusing previously-fetched \"Certificate (admin-kubeconfig-signer)\""
time="2019-07-29T20:39:36-05:00" level=debug msg="  Generating \"Certificate (admin-kubeconfig-ca-bundle)\"..."
time="2019-07-29T20:39:36-05:00" level=debug msg="  Fetching \"Certificate (aggregator)\"..."
time="2019-07-29T20:39:36-05:00" level=debug msg="  Generating \"Certificate (aggregator)\"..."
time="2019-07-29T20:39:36-05:00" level=debug msg="  Fetching \"Certificate (aggregator-ca-bundle)\"..."
time="2019-07-29T20:39:36-05:00" level=debug msg="    Fetching \"Certificate (aggregator-signer)\"..."
time="2019-07-29T20:39:36-05:00" level=debug msg="    Generating \"Certificate (aggregator-signer)\"..."
time="2019-07-29T20:39:36-05:00" level=debug msg="  Generating \"Certificate (aggregator-ca-bundle)\"..."
time="2019-07-29T20:39:36-05:00" level=debug msg="  Fetching \"Certificate (system:kube-apiserver-proxy)\"..."
time="2019-07-29T20:39:36-05:00" level=debug msg="    Fetching \"Certificate (aggregator-signer)\"..."
time="2019-07-29T20:39:36-05:00" level=debug msg="    Reusing previously-fetched \"Certificate (aggregator-signer)\""
time="2019-07-29T20:39:36-05:00" level=debug msg="  Generating \"Certificate (system:kube-apiserver-proxy)\"..."
time="2019-07-29T20:39:36-05:00" level=debug msg="  Fetching \"Certificate (aggregator-signer)\"..."
time="2019-07-29T20:39:36-05:00" level=debug msg="  Reusing previously-fetched \"Certificate (aggregator-signer)\""
time="2019-07-29T20:39:36-05:00" level=debug msg="  Fetching \"Certificate (system:kube-apiserver-proxy)\"..."
time="2019-07-29T20:39:36-05:00" level=debug msg="    Fetching \"Certificate (aggregator)\"..."
time="2019-07-29T20:39:36-05:00" level=debug msg="    Reusing previously-fetched \"Certificate (aggregator)\""
time="2019-07-29T20:39:36-05:00" level=debug msg="  Generating \"Certificate (system:kube-apiserver-proxy)\"..."
time="2019-07-29T20:39:37-05:00" level=debug msg="  Fetching \"Certificate (etcd-ca-bundle)\"..."
time="2019-07-29T20:39:37-05:00" level=debug msg="  Reusing previously-fetched \"Certificate (etcd-ca-bundle)\""
time="2019-07-29T20:39:37-05:00" level=debug msg="  Fetching \"Certificate (etcd-metric-ca-bundle)\"..."
time="2019-07-29T20:39:37-05:00" level=debug msg="  Reusing previously-fetched \"Certificate (etcd-metric-ca-bundle)\""
time="2019-07-29T20:39:37-05:00" level=debug msg="  Fetching \"Certificate (etcd-metric-signer)\"..."
time="2019-07-29T20:39:37-05:00" level=debug msg="  Reusing previously-fetched \"Certificate (etcd-metric-signer)\""
time="2019-07-29T20:39:37-05:00" level=debug msg="  Fetching \"Certificate (etcd-metric-signer-client)\"..."
time="2019-07-29T20:39:37-05:00" level=debug msg="  Reusing previously-fetched \"Certificate (etcd-metric-signer-client)\""
time="2019-07-29T20:39:37-05:00" level=debug msg="  Fetching \"Certificate (etcd-signer)\"..."
time="2019-07-29T20:39:37-05:00" level=debug msg="  Reusing previously-fetched \"Certificate (etcd-signer)\""
time="2019-07-29T20:39:37-05:00" level=debug msg="  Fetching \"Certificate (etcd-client)\"..."
time="2019-07-29T20:39:37-05:00" level=debug msg="  Reusing previously-fetched \"Certificate (etcd-client)\""
time="2019-07-29T20:39:37-05:00" level=debug msg="  Fetching \"Certificate (journal-gatewayd)\"..."
time="2019-07-29T20:39:37-05:00" level=debug msg="    Fetching \"Root CA\"..."
time="2019-07-29T20:39:37-05:00" level=debug msg="    Reusing previously-fetched \"Root CA\""
time="2019-07-29T20:39:37-05:00" level=debug msg="  Generating \"Certificate (journal-gatewayd)\"..."
time="2019-07-29T20:39:37-05:00" level=debug msg="  Fetching \"Certificate (kube-apiserver-lb-ca-bundle)\"..."
time="2019-07-29T20:39:37-05:00" level=debug msg="  Reusing previously-fetched \"Certificate (kube-apiserver-lb-ca-bundle)\""
time="2019-07-29T20:39:37-05:00" level=debug msg="  Fetching \"Certificate (kube-apiserver-external-lb-server)\"..."
time="2019-07-29T20:39:37-05:00" level=debug msg="    Fetching \"Certificate (kube-apiserver-lb-signer)\"..."
time="2019-07-29T20:39:37-05:00" level=debug msg="    Reusing previously-fetched \"Certificate (kube-apiserver-lb-signer)\""
time="2019-07-29T20:39:37-05:00" level=debug msg="    Fetching \"Install Config\"..."
time="2019-07-29T20:39:37-05:00" level=debug msg="    Reusing previously-fetched \"Install Config\""
time="2019-07-29T20:39:37-05:00" level=debug msg="  Generating \"Certificate (kube-apiserver-external-lb-server)\"..."
time="2019-07-29T20:39:37-05:00" level=debug msg="  Fetching \"Certificate (kube-apiserver-internal-lb-server)\"..."
time="2019-07-29T20:39:37-05:00" level=debug msg="    Fetching \"Certificate (kube-apiserver-lb-signer)\"..."
time="2019-07-29T20:39:37-05:00" level=debug msg="    Reusing previously-fetched \"Certificate (kube-apiserver-lb-signer)\""
time="2019-07-29T20:39:37-05:00" level=debug msg="    Fetching \"Install Config\"..."
time="2019-07-29T20:39:37-05:00" level=debug msg="    Reusing previously-fetched \"Install Config\""
time="2019-07-29T20:39:37-05:00" level=debug msg="  Generating \"Certificate (kube-apiserver-internal-lb-server)\"..."
time="2019-07-29T20:39:38-05:00" level=debug msg="  Fetching \"Certificate (kube-apiserver-lb-signer)\"..."
time="2019-07-29T20:39:38-05:00" level=debug msg="  Reusing previously-fetched \"Certificate (kube-apiserver-lb-signer)\""
time="2019-07-29T20:39:38-05:00" level=debug msg="  Fetching \"Certificate (kube-apiserver-localhost-ca-bundle)\"..."
time="2019-07-29T20:39:38-05:00" level=debug msg="  Reusing previously-fetched \"Certificate (kube-apiserver-localhost-ca-bundle)\""
time="2019-07-29T20:39:38-05:00" level=debug msg="  Fetching \"Certificate (kube-apiserver-localhost-server)\"..."
time="2019-07-29T20:39:38-05:00" level=debug msg="    Fetching \"Certificate (kube-apiserver-localhost-signer)\"..."
time="2019-07-29T20:39:38-05:00" level=debug msg="    Reusing previously-fetched \"Certificate (kube-apiserver-localhost-signer)\""
time="2019-07-29T20:39:38-05:00" level=debug msg="  Generating \"Certificate (kube-apiserver-localhost-server)\"..."
time="2019-07-29T20:39:38-05:00" level=debug msg="  Fetching \"Certificate (kube-apiserver-localhost-signer)\"..."
time="2019-07-29T20:39:38-05:00" level=debug msg="  Reusing previously-fetched \"Certificate (kube-apiserver-localhost-signer)\""
time="2019-07-29T20:39:38-05:00" level=debug msg="  Fetching \"Certificate (kube-apiserver-service-network-ca-bundle)\"..."
time="2019-07-29T20:39:38-05:00" level=debug msg="  Reusing previously-fetched \"Certificate (kube-apiserver-service-network-ca-bundle)\""
time="2019-07-29T20:39:38-05:00" level=debug msg="  Fetching \"Certificate (kube-apiserver-service-network-server)\"..."
time="2019-07-29T20:39:38-05:00" level=debug msg="    Fetching \"Certificate (kube-apiserver-service-network-signer)\"..."
time="2019-07-29T20:39:38-05:00" level=debug msg="    Reusing previously-fetched \"Certificate (kube-apiserver-service-network-signer)\""
time="2019-07-29T20:39:38-05:00" level=debug msg="    Fetching \"Install Config\"..."
time="2019-07-29T20:39:38-05:00" level=debug msg="    Reusing previously-fetched \"Install Config\""
time="2019-07-29T20:39:38-05:00" level=debug msg="  Generating \"Certificate (kube-apiserver-service-network-server)\"..."
time="2019-07-29T20:39:39-05:00" level=debug msg="  Fetching \"Certificate (kube-apiserver-service-network-signer)\"..."
time="2019-07-29T20:39:39-05:00" level=debug msg="  Reusing previously-fetched \"Certificate (kube-apiserver-service-network-signer)\""
time="2019-07-29T20:39:39-05:00" level=debug msg="  Fetching \"Certificate (kube-apiserver-complete-server-ca-bundle)\"..."
time="2019-07-29T20:39:39-05:00" level=debug msg="  Reusing previously-fetched \"Certificate (kube-apiserver-complete-server-ca-bundle)\""
time="2019-07-29T20:39:39-05:00" level=debug msg="  Fetching \"Certificate (kube-apiserver-complete-client-ca-bundle)\"..."
time="2019-07-29T20:39:39-05:00" level=debug msg="    Fetching \"Certificate (admin-kubeconfig-ca-bundle)\"..."
time="2019-07-29T20:39:39-05:00" level=debug msg="    Reusing previously-fetched \"Certificate (admin-kubeconfig-ca-bundle)\""
time="2019-07-29T20:39:39-05:00" level=debug msg="    Fetching \"Certificate (kubelet-client-ca-bundle)\"..."
time="2019-07-29T20:39:39-05:00" level=debug msg="      Fetching \"Certificate (kubelet-signer)\"..."
time="2019-07-29T20:39:39-05:00" level=debug msg="      Generating \"Certificate (kubelet-signer)\"..."
time="2019-07-29T20:39:39-05:00" level=debug msg="    Generating \"Certificate (kubelet-client-ca-bundle)\"..."
time="2019-07-29T20:39:39-05:00" level=debug msg="    Fetching \"Certificate (kube-control-plane-ca-bundle)\"..."
time="2019-07-29T20:39:39-05:00" level=debug msg="      Fetching \"Certificate (kube-control-plane-signer)\"..."
time="2019-07-29T20:39:39-05:00" level=debug msg="      Generating \"Certificate (kube-control-plane-signer)\"..."
time="2019-07-29T20:39:39-05:00" level=debug msg="      Fetching \"Certificate (kube-apiserver-lb-signer)\"..."
time="2019-07-29T20:39:39-05:00" level=debug msg="      Reusing previously-fetched \"Certificate (kube-apiserver-lb-signer)\""
time="2019-07-29T20:39:39-05:00" level=debug msg="      Fetching \"Certificate (kube-apiserver-localhost-signer)\"..."
time="2019-07-29T20:39:39-05:00" level=debug msg="      Reusing previously-fetched \"Certificate (kube-apiserver-localhost-signer)\""
time="2019-07-29T20:39:39-05:00" level=debug msg="      Fetching \"Certificate (kube-apiserver-service-network-signer)\"..."
time="2019-07-29T20:39:39-05:00" level=debug msg="      Reusing previously-fetched \"Certificate (kube-apiserver-service-network-signer)\""
time="2019-07-29T20:39:39-05:00" level=debug msg="    Generating \"Certificate (kube-control-plane-ca-bundle)\"..."
time="2019-07-29T20:39:39-05:00" level=debug msg="    Fetching \"Certificate (kube-apiserver-to-kubelet-ca-bundle)\"..."
time="2019-07-29T20:39:39-05:00" level=debug msg="      Fetching \"Certificate (kube-apiserver-to-kubelet-signer)\"..."
time="2019-07-29T20:39:39-05:00" level=debug msg="      Generating \"Certificate (kube-apiserver-to-kubelet-signer)\"..."
time="2019-07-29T20:39:40-05:00" level=debug msg="    Generating \"Certificate (kube-apiserver-to-kubelet-ca-bundle)\"..."
time="2019-07-29T20:39:40-05:00" level=debug msg="    Fetching \"Certificate (kubelet-bootstrap-kubeconfig-ca-bundle)\"..."
time="2019-07-29T20:39:40-05:00" level=debug msg="      Fetching \"Certificate (kubelet-bootstrap-kubeconfig-signer)\"..."
time="2019-07-29T20:39:40-05:00" level=debug msg="      Reusing previously-fetched \"Certificate (kubelet-bootstrap-kubeconfig-signer)\""
time="2019-07-29T20:39:40-05:00" level=debug msg="    Generating \"Certificate (kubelet-bootstrap-kubeconfig-ca-bundle)\"..."
time="2019-07-29T20:39:40-05:00" level=debug msg="  Generating \"Certificate (kube-apiserver-complete-client-ca-bundle)\"..."
time="2019-07-29T20:39:40-05:00" level=debug msg="  Fetching \"Certificate (kube-apiserver-to-kubelet-ca-bundle)\"..."
time="2019-07-29T20:39:40-05:00" level=debug msg="  Reusing previously-fetched \"Certificate (kube-apiserver-to-kubelet-ca-bundle)\""
time="2019-07-29T20:39:40-05:00" level=debug msg="  Fetching \"Certificate (kube-apiserver-to-kubelet-client)\"..."
time="2019-07-29T20:39:40-05:00" level=debug msg="    Fetching \"Certificate (kube-apiserver-to-kubelet-signer)\"..."
time="2019-07-29T20:39:40-05:00" level=debug msg="    Reusing previously-fetched \"Certificate (kube-apiserver-to-kubelet-signer)\""
time="2019-07-29T20:39:40-05:00" level=debug msg="  Generating \"Certificate (kube-apiserver-to-kubelet-client)\"..."
time="2019-07-29T20:39:40-05:00" level=debug msg="  Fetching \"Certificate (kube-apiserver-to-kubelet-signer)\"..."
time="2019-07-29T20:39:40-05:00" level=debug msg="  Reusing previously-fetched \"Certificate (kube-apiserver-to-kubelet-signer)\""
time="2019-07-29T20:39:40-05:00" level=debug msg="  Fetching \"Certificate (kube-control-plane-ca-bundle)\"..."
time="2019-07-29T20:39:40-05:00" level=debug msg="  Reusing previously-fetched \"Certificate (kube-control-plane-ca-bundle)\""
time="2019-07-29T20:39:40-05:00" level=debug msg="  Fetching \"Certificate (kube-control-plane-kube-controller-manager-client)\"..."
time="2019-07-29T20:39:40-05:00" level=debug msg="    Fetching \"Certificate (kube-control-plane-signer)\"..."
time="2019-07-29T20:39:40-05:00" level=debug msg="    Reusing previously-fetched \"Certificate (kube-control-plane-signer)\""
time="2019-07-29T20:39:40-05:00" level=debug msg="  Generating \"Certificate (kube-control-plane-kube-controller-manager-client)\"..."
time="2019-07-29T20:39:40-05:00" level=debug msg="  Fetching \"Certificate (kube-control-plane-kube-scheduler-client)\"..."
time="2019-07-29T20:39:40-05:00" level=debug msg="    Fetching \"Certificate (kube-control-plane-signer)\"..."
time="2019-07-29T20:39:40-05:00" level=debug msg="    Reusing previously-fetched \"Certificate (kube-control-plane-signer)\""
time="2019-07-29T20:39:40-05:00" level=debug msg="  Generating \"Certificate (kube-control-plane-kube-scheduler-client)\"..."
time="2019-07-29T20:39:41-05:00" level=debug msg="  Fetching \"Certificate (kube-control-plane-signer)\"..."
time="2019-07-29T20:39:41-05:00" level=debug msg="  Reusing previously-fetched \"Certificate (kube-control-plane-signer)\""
time="2019-07-29T20:39:41-05:00" level=debug msg="  Fetching \"Certificate (kubelet-bootstrap-kubeconfig-ca-bundle)\"..."
time="2019-07-29T20:39:41-05:00" level=debug msg="  Reusing previously-fetched \"Certificate (kubelet-bootstrap-kubeconfig-ca-bundle)\""
time="2019-07-29T20:39:41-05:00" level=debug msg="  Fetching \"Certificate (kubelet-client-ca-bundle)\"..."
time="2019-07-29T20:39:41-05:00" level=debug msg="  Reusing previously-fetched \"Certificate (kubelet-client-ca-bundle)\""
time="2019-07-29T20:39:41-05:00" level=debug msg="  Fetching \"Certificate (kubelet-client)\"..."
time="2019-07-29T20:39:41-05:00" level=debug msg="  Reusing previously-fetched \"Certificate (kubelet-client)\""
time="2019-07-29T20:39:41-05:00" level=debug msg="  Fetching \"Certificate (kubelet-signer)\"..."
time="2019-07-29T20:39:41-05:00" level=debug msg="  Reusing previously-fetched \"Certificate (kubelet-signer)\""
time="2019-07-29T20:39:41-05:00" level=debug msg="  Fetching \"Certificate (kubelet-serving-ca-bundle)\"..."
time="2019-07-29T20:39:41-05:00" level=debug msg="    Fetching \"Certificate (kubelet-signer)\"..."
time="2019-07-29T20:39:41-05:00" level=debug msg="    Reusing previously-fetched \"Certificate (kubelet-signer)\""
time="2019-07-29T20:39:41-05:00" level=debug msg="  Generating \"Certificate (kubelet-serving-ca-bundle)\"..."
time="2019-07-29T20:39:41-05:00" level=debug msg="  Fetching \"Certificate (mcs)\"..."
time="2019-07-29T20:39:41-05:00" level=debug msg="  Reusing previously-fetched \"Certificate (mcs)\""
time="2019-07-29T20:39:41-05:00" level=debug msg="  Fetching \"Root CA\"..."
time="2019-07-29T20:39:41-05:00" level=debug msg="  Reusing previously-fetched \"Root CA\""
time="2019-07-29T20:39:41-05:00" level=debug msg="  Fetching \"Key Pair (service-account.pub)\"..."
time="2019-07-29T20:39:41-05:00" level=debug msg="  Generating \"Key Pair (service-account.pub)\"..."
time="2019-07-29T20:39:41-05:00" level=debug msg="  Fetching \"Release Image Pull Spec\"..."
time="2019-07-29T20:39:41-05:00" level=debug msg="  Generating \"Release Image Pull Spec\"..."
time="2019-07-29T20:39:41-05:00" level=debug msg="Using internal constant for release image registry.svc.ci.openshift.org/ocp/release@sha256:de6a84e0cbfc4a55a7bd8533cfe1dc86ff7c47307c56cf9446621d175a1de83c"
time="2019-07-29T20:39:41-05:00" level=debug msg="Generating \"Bootstrap Ignition Config\"..."
time="2019-07-29T20:39:41-05:00" level=debug msg="Fetching \"Metadata\"..."
time="2019-07-29T20:39:41-05:00" level=debug msg="Loading \"Metadata\"..."
time="2019-07-29T20:39:41-05:00" level=debug msg="  Loading \"Cluster ID\"..."
time="2019-07-29T20:39:41-05:00" level=debug msg="  Loading \"Install Config\"..."
time="2019-07-29T20:39:41-05:00" level=debug msg="  Fetching \"Cluster ID\"..."
time="2019-07-29T20:39:41-05:00" level=debug msg="  Reusing previously-fetched \"Cluster ID\""
time="2019-07-29T20:39:41-05:00" level=debug msg="  Fetching \"Install Config\"..."
time="2019-07-29T20:39:41-05:00" level=debug msg="  Reusing previously-fetched \"Install Config\""
time="2019-07-29T20:39:41-05:00" level=debug msg="Generating \"Metadata\"..."
time="2019-07-29T20:40:42-05:00" level=debug msg="OpenShift Installer unreleased-master-1462-g8b345df81bf1472a87125430d745db9efae2d1f3-dirty"
time="2019-07-29T20:40:42-05:00" level=debug msg="Built from commit 8b345df81bf1472a87125430d745db9efae2d1f3"
time="2019-07-29T20:40:42-05:00" level=info msg="Waiting up to 30m0s for the Kubernetes API at https://api.gw.lo:6443..."
time="2019-07-29T20:41:07-05:00" level=debug msg="Still waiting for the Kubernetes API: Get https://api.gw.lo:6443/version?timeout=32s: dial tcp 192.168.1.201:6443: i/o timeout"
time="2019-07-29T20:41:38-05:00" level=debug msg="Still waiting for the Kubernetes API: Get https://api.gw.lo:6443/version?timeout=32s: dial tcp 192.168.1.203:6443: connect: connection refused"
time="2019-07-29T20:41:48-05:00" level=debug msg="Still waiting for the Kubernetes API: Get https://api.gw.lo:6443/version?timeout=32s: dial tcp 192.168.1.202:6443: i/o timeout"
time="2019-07-29T20:42:33-05:00" level=debug msg="Still waiting for the Kubernetes API: Get https://api.gw.lo:6443/version?timeout=32s: dial tcp 192.168.1.203:6443: connect: connection refused"
time="2019-07-29T20:43:04-05:00" level=debug msg="Still waiting for the Kubernetes API: Get https://api.gw.lo:6443/version?timeout=32s: dial tcp 192.168.1.202:6443: connect: connection refused"
time="2019-07-29T20:43:18-05:00" level=debug msg="Still waiting for the Kubernetes API: Get https://api.gw.lo:6443/version?timeout=32s: dial tcp 192.168.1.203:6443: i/o timeout"
time="2019-07-29T20:43:50-05:00" level=debug msg="Still waiting for the Kubernetes API: Get https://api.gw.lo:6443/version?timeout=32s: dial tcp 192.168.1.201:6443: connect: connection refused"
time="2019-07-29T20:44:07-05:00" level=debug msg="Still waiting for the Kubernetes API: Get https://api.gw.lo:6443/version?timeout=32s: dial tcp 192.168.1.200:6443: i/o timeout"
time="2019-07-29T20:44:13-05:00" level=debug msg="Still waiting for the Kubernetes API: Get https://api.gw.lo:6443/version?timeout=32s: dial tcp 192.168.1.203:6443: connect: connection refused"
time="2019-07-29T20:44:54-05:00" level=debug msg="Still waiting for the Kubernetes API: Get https://api.gw.lo:6443/version?timeout=32s: dial tcp 192.168.1.200:6443: connect: connection refused"
time="2019-07-29T20:45:24-05:00" level=debug msg="Still waiting for the Kubernetes API: Get https://api.gw.lo:6443/version?timeout=32s: dial tcp 192.168.1.202:6443: connect: connection refused"
time="2019-07-29T20:45:30-05:00" level=debug msg="Still waiting for the Kubernetes API: the server could not find the requested resource"
time="2019-07-29T20:46:00-05:00" level=debug msg="Still waiting for the Kubernetes API: the server could not find the requested resource"
time="2019-07-29T20:46:30-05:00" level=debug msg="Still waiting for the Kubernetes API: the server could not find the requested resource"
time="2019-07-29T20:47:00-05:00" level=debug msg="Still waiting for the Kubernetes API: the server could not find the requested resource"
time="2019-07-29T20:47:30-05:00" level=debug msg="Still waiting for the Kubernetes API: the server could not find the requested resource"
time="2019-07-29T20:48:01-05:00" level=debug msg="Still waiting for the Kubernetes API: the server could not find the requested resource"
time="2019-07-29T20:48:31-05:00" level=debug msg="Still waiting for the Kubernetes API: the server could not find the requested resource"
time="2019-07-29T20:49:01-05:00" level=debug msg="Still waiting for the Kubernetes API: the server could not find the requested resource"
time="2019-07-29T20:49:31-05:00" level=debug msg="Still waiting for the Kubernetes API: the server could not find the requested resource"
time="2019-07-29T20:50:01-05:00" level=debug msg="Still waiting for the Kubernetes API: the server could not find the requested resource"
time="2019-07-29T20:50:31-05:00" level=debug msg="Still waiting for the Kubernetes API: the server could not find the requested resource"
time="2019-07-29T20:51:01-05:00" level=debug msg="Still waiting for the Kubernetes API: the server could not find the requested resource"
time="2019-07-29T20:51:31-05:00" level=debug msg="Still waiting for the Kubernetes API: the server could not find the requested resource"
time="2019-07-29T20:52:01-05:00" level=debug msg="Still waiting for the Kubernetes API: the server could not find the requested resource"
time="2019-07-29T20:52:31-05:00" level=debug msg="Still waiting for the Kubernetes API: the server could not find the requested resource"
time="2019-07-29T20:52:55-05:00" level=debug msg="Still waiting for the Kubernetes API: Get https://api.gw.lo:6443/version?timeout=32s: dial tcp 192.168.1.202:6443: connect: connection refused"
time="2019-07-29T20:53:21-05:00" level=info msg="API v1.14.0+c903db6 up"
time="2019-07-29T20:53:21-05:00" level=info msg="Waiting up to 30m0s for bootstrapping to complete..."
time="2019-07-29T20:59:24-05:00" level=debug msg="Bootstrap status: complete"
time="2019-07-29T20:59:24-05:00" level=info msg="It is now safe to remove the bootstrap resources"
time="2019-07-29T20:59:25-05:00" level=debug msg="OpenShift Installer unreleased-master-1462-g8b345df81bf1472a87125430d745db9efae2d1f3-dirty"
time="2019-07-29T20:59:25-05:00" level=debug msg="Built from commit 8b345df81bf1472a87125430d745db9efae2d1f3"
time="2019-07-29T20:59:25-05:00" level=info msg="Waiting up to 30m0s for the cluster at https://api.gw.lo:6443 to initialize..."
time="2019-07-29T20:59:25-05:00" level=debug msg="Still waiting for the cluster to initialize: Working towards 4.2.0-0.ci-2019-07-29-232104: 69% complete"
time="2019-07-29T20:59:31-05:00" level=debug msg="Still waiting for the cluster to initialize: Working towards 4.2.0-0.ci-2019-07-29-232104: 82% complete"
time="2019-07-29T20:59:46-05:00" level=debug msg="Still waiting for the cluster to initialize: Working towards 4.2.0-0.ci-2019-07-29-232104: 83% complete"
time="2019-07-29T21:02:10-05:00" level=debug msg="Still waiting for the cluster to initialize: Working towards 4.2.0-0.ci-2019-07-29-232104: 83% complete"
time="2019-07-29T21:02:15-05:00" level=debug msg="Still waiting for the cluster to initialize: Multiple errors are preventing progress:\n* Cluster operator kube-controller-manager is reporting a failure: NodeInstallerDegraded: 1 nodes are failing on revision 2:\nNodeInstallerDegraded: static pod of revision has been installed, but is not ready while new revision % is pending; 1 nodes are failing on revision 3:\nNodeInstallerDegraded: \nStaticPodsDegraded: pods \"kube-controller-manager-control-plane-1\" not found\nStaticPodsDegraded: pods \"kube-controller-manager-control-plane-0\" not found\n* Could not update oauthclient \"console\" (255 of 429): the server does not recognize this resource, check extension API servers\n* Could not update servicemonitor \"openshift-apiserver-operator/openshift-apiserver-operator\" (424 of 429): the server does not recognize this resource, check extension API servers\n* Could not update servicemonitor \"openshift-authentication-operator/authentication-operator\" (392 of 429): the server does not recognize this resource, check extension API servers\n* Could not update servicemonitor \"openshift-cluster-version/cluster-version-operator\" (6 of 429): the server does not recognize this resource, check extension API servers\n* Could not update servicemonitor \"openshift-controller-manager-operator/openshift-controller-manager-operator\" (428 of 429): the server does not recognize this resource, check extension API servers\n* Could not update servicemonitor \"openshift-image-registry/image-registry\" (398 of 429): the server does not recognize this resource, check extension API servers\n* Could not update servicemonitor \"openshift-kube-apiserver-operator/kube-apiserver-operator\" (408 of 429): the server does not recognize this resource, check extension API servers\n* Could not update servicemonitor \"openshift-kube-controller-manager-operator/kube-controller-manager-operator\" (412 of 429): the server does not recognize this resource, check extension API servers\n* Could not update servicemonitor \"openshift-kube-scheduler-operator/kube-scheduler-operator\" (416 of 429): the server does not recognize this resource, check extension API servers\n* Could not update servicemonitor \"openshift-machine-api/cluster-autoscaler-operator\" (145 of 429): the server does not recognize this resource, check extension API servers\n* Could not update servicemonitor \"openshift-machine-api/machine-api-operator\" (96 of 429): the server does not recognize this resource, check extension API servers\n* Could not update servicemonitor \"openshift-operator-lifecycle-manager/olm-operator\" (418 of 429): the server does not recognize this resource, check extension API servers\n* Could not update servicemonitor \"openshift-service-catalog-apiserver-operator/openshift-service-catalog-apiserver-operator\" (401 of 429): the server does not recognize this resource, check extension API servers\n* Could not update servicemonitor \"openshift-service-catalog-controller-manager-operator/openshift-service-catalog-controller-manager-operator\" (404 of 429): the server does not recognize this resource, check extension API servers"
time="2019-07-29T21:29:25-05:00" level=fatal msg="failed to initialize the cluster: Multiple errors are preventing progress:\n* Cluster operator kube-controller-manager is reporting a failure: NodeInstallerDegraded: 1 nodes are failing on revision 2:\nNodeInstallerDegraded: static pod of revision has been installed, but is not ready while new revision % is pending; 1 nodes are failing on revision 3:\nNodeInstallerDegraded: \nStaticPodsDegraded: pods \"kube-controller-manager-control-plane-1\" not found\nStaticPodsDegraded: pods \"kube-controller-manager-control-plane-0\" not found\n* Could not update oauthclient \"console\" (255 of 429): the server does not recognize this resource, check extension API servers\n* Could not update servicemonitor \"openshift-apiserver-operator/openshift-apiserver-operator\" (424 of 429): the server does not recognize this resource, check extension API servers\n* Could not update servicemonitor \"openshift-authentication-operator/authentication-operator\" (392 of 429): the server does not recognize this resource, check extension API servers\n* Could not update servicemonitor \"openshift-cluster-version/cluster-version-operator\" (6 of 429): the server does not recognize this resource, check extension API servers\n* Could not update servicemonitor \"openshift-controller-manager-operator/openshift-controller-manager-operator\" (428 of 429): the server does not recognize this resource, check extension API servers\n* Could not update servicemonitor \"openshift-image-registry/image-registry\" (398 of 429): the server does not recognize this resource, check extension API servers\n* Could not update servicemonitor \"openshift-kube-apiserver-operator/kube-apiserver-operator\" (408 of 429): the server does not recognize this resource, check extension API servers\n* Could not update servicemonitor \"openshift-kube-controller-manager-operator/kube-controller-manager-operator\" (412 of 429): the server does not recognize this resource, check extension API servers\n* Could not update servicemonitor \"openshift-kube-scheduler-operator/kube-scheduler-operator\" (416 of 429): the server does not recognize this resource, check extension API servers\n* Could not update servicemonitor \"openshift-machine-api/cluster-autoscaler-operator\" (145 of 429): the server does not recognize this resource, check extension API servers\n* Could not update servicemonitor \"openshift-machine-api/machine-api-operator\" (96 of 429): the server does not recognize this resource, check extension API servers\n* Could not update servicemonitor \"openshift-operator-lifecycle-manager/olm-operator\" (418 of 429): the server does not recognize this resource, check extension API servers\n* Could not update servicemonitor \"openshift-service-catalog-apiserver-operator/openshift-service-catalog-apiserver-operator\" (401 of 429): the server does not recognize this resource, check extension API servers\n* Could not update servicemonitor \"openshift-service-catalog-controller-manager-operator/openshift-service-catalog-controller-manager-operator\" (404 of 429): the server does not recognize this resource, check extension API servers"
